2026-02-15T18:31:53.550Z  INFO 1 --- [main] com.training.demo.LoggingDemoApp         : Starting LoggingDemoApp v1.0.0 using Java 17.0.1 with PID 1 (/app.jar started by root in /)
2026-02-15T18:31:53.554Z  INFO 1 --- [main] com.training.demo.LoggingDemoApp         : No active profile set, falling back to 1 default profile: "default"
2026-02-15T18:31:54.845Z  INFO 1 --- [main] o.s.b.w.embedded.tomcat.TomcatWebServer  : Tomcat initialized with port(s): 8080 (http)
2026-02-15T18:31:54.857Z  INFO 1 --- [main] o.apache.catalina.core.StandardService   : Starting service [Tomcat]
2026-02-15T18:31:54.858Z  INFO 1 --- [main] o.apache.catalina.core.StandardEngine    : Starting Servlet engine: [Apache Tomcat/10.1.12]
2026-02-15T18:31:54.981Z  INFO 1 --- [main] o.a.c.c.C.[Tomcat].[localhost].[/]       : Initializing Spring embedded WebApplicationContext
2026-02-15T18:31:54.982Z  INFO 1 --- [main] w.s.c.ServletWebServerApplicationContext : Root WebApplicationContext: initialization completed in 1353 ms
2026-02-15T18:31:55.470Z  INFO 1 --- [main] o.s.b.w.embedded.tomcat.TomcatWebServer  : Tomcat started on port(s): 8080 (http) with context path ''
2026-02-15T18:31:55.487Z  INFO 1 --- [main] com.training.demo.LoggingDemoApp         : Started LoggingDemoApp in 2.506 seconds (process running for 3.152)
2026-02-15T18:35:09.055Z  INFO 1 --- [http-nio-8080-exec-1] o.a.c.c.C.[Tomcat].[localhost].[/]       : Initializing Spring DispatcherServlet 'dispatcherServlet'
2026-02-15T18:35:09.057Z  INFO 1 --- [http-nio-8080-exec-1] o.s.web.servlet.DispatcherServlet        : Initializing Servlet 'dispatcherServlet'
2026-02-15T18:35:09.059Z  INFO 1 --- [http-nio-8080-exec-1] o.s.web.servlet.DispatcherServlet        : Completed initialization in 2 ms
2026-02-15T18:35:09.092Z  INFO 1 --- [http-nio-8080-exec-1] com.training.demo.ApiController          : Status endpoint was accessed
2026-02-15T18:36:10.118Z  INFO 1 --- [http-nio-8080-exec-3] com.training.demo.ApiController          : Status endpoint was accessed
2026-02-15T18:38:00.073Z  INFO 1 --- [http-nio-8080-exec-7] com.training.demo.ApiController          : Status endpoint was accessed
2026-02-15T18:38:00.534Z  INFO 1 --- [http-nio-8080-exec-8] com.training.demo.ApiController          : Status endpoint was accessed
2026-02-15T18:38:00.981Z  INFO 1 --- [http-nio-8080-exec-9] com.training.demo.ApiController          : Status endpoint was accessed
2026-02-15T18:38:02.326Z  INFO 1 --- [http-nio-8080-exec-10] com.training.demo.ApiController          : Status endpoint was accessed
2026-02-15T18:38:31.210Z  INFO 1 --- [http-nio-8080-exec-1] com.training.demo.ApiController          : Status endpoint was accessed
2026-02-15T18:38:33.032Z  INFO 1 --- [http-nio-8080-exec-2] com.training.demo.ApiController          : Status endpoint was accessed
